
ROM used:   115/8192 (1%)
            115/8192 (1%) including unused fragments

            0.1 Average locations per line
            7.2 Average locations per statement

RAM used:   15/368 (4%) at main() level
            15/368 (4%) worst case

Stack used: 1 worst case (0 in main + 1 for interrupts)
Stack size: 8

Lines Stmts  %   Files
----- ----- ---  -----
   51    16 100  main.c
  671     0   0  ..\..\..\..\..\Program Files (x86)\PICC\Devices\16F877A.h
  163     0   0  ..\..\..\..\..\Program Files (x86)\PICC\Drivers\stdint.h
----- -----
  885    16 Total

Page ROM  %  RAM   Vol Diff  Functions:
---- --- --- ---   --- ----  ----------
0     38  33    0   174  4.0  RTCC_isr
0     30  26    0   130  2.2  MAIN
 Inline         0    42  1.7  @cinit1

Program metrics:
    Functions               3
    Statements              16
    Comments                147
    Volume (V)              461
    Difficulty (D)          8.0
    Effort to implement (E) 3686
    Time to implement (T)   3 minutes
    Est Delivered Bugs (B)  0
    Cyclomatic Complexity   3
    Maintainability (MI)    68

 Segment     Used  Free
-----------  ----  ----
00000-00003     4  0  
00004-0002E    43  0  
0002F-007FF    68  1933  
00800-00FFF     0  2048  
01000-017FF     0  2048  
01800-01FFF     0  2048  



