CCS PCM C Compiler, Version 5.008, 5967               13-jun-18 09:39

               Filename:   C:\Users\vbob\Desktop\Engenharia\7º Período\Microcontroladores\rs232\codigo_texto1\main.lst

               ROM used:   78 words (4%)
                           Largest free fragment is 1970
               RAM used:   13 (6%) at main() level
                           14 (6%) worst case
               Stack used: 1 locations (0 in main + 1 for interrupts)
               Stack size: 8

*
0000:  MOVLW  00
0001:  MOVWF  0A
0002:  GOTO   03A
0003:  NOP
0004:  MOVWF  7F
0005:  SWAPF  03,W
0006:  CLRF   03
0007:  MOVWF  21
0008:  MOVF   7F,W
0009:  MOVWF  20
000A:  MOVF   0A,W
000B:  MOVWF  27
000C:  CLRF   0A
000D:  SWAPF  20,F
000E:  MOVF   04,W
000F:  MOVWF  22
0010:  MOVF   77,W
0011:  MOVWF  23
0012:  MOVF   78,W
0013:  MOVWF  24
0014:  MOVF   79,W
0015:  MOVWF  25
0016:  MOVF   7A,W
0017:  MOVWF  26
0018:  BCF    03.7
0019:  BCF    03.5
001A:  MOVLW  8C
001B:  MOVWF  04
001C:  BTFSS  00.5
001D:  GOTO   020
001E:  BTFSC  0C.5
001F:  GOTO   031
0020:  MOVF   22,W
0021:  MOVWF  04
0022:  MOVF   23,W
0023:  MOVWF  77
0024:  MOVF   24,W
0025:  MOVWF  78
0026:  MOVF   25,W
0027:  MOVWF  79
0028:  MOVF   26,W
0029:  MOVWF  7A
002A:  MOVF   27,W
002B:  MOVWF  0A
002C:  SWAPF  21,W
002D:  MOVWF  03
002E:  SWAPF  7F,F
002F:  SWAPF  7F,W
0030:  RETFIE
.................... #include <16F628A.h> 
.................... //////// Standard Header file for the PIC16F628A device //////////////// 
.................... #device PIC16F628A 
....................  
.................... #list 
....................  
.................... #include <stdint.h> 
.................... /////////////////////////////////////////////////////////////////////////// 
.................... ////                                                                   //// 
.................... ////                           stdint.h                                //// 
.................... ////                                                                   //// 
.................... //// Standard integer definitions.                                     //// 
.................... ////                                                                   //// 
.................... /////////////////////////////////////////////////////////////////////////// 
.................... ////        (C) Copyright 1996,2008 Custom Computer Services           //// 
.................... //// This source code may only be used by licensed users of the CCS C  //// 
.................... //// compiler.  This source code may only be distributed to other      //// 
.................... //// licensed users of the CCS C compiler.  No other use, reproduction //// 
.................... //// or distribution is permitted without written permission.          //// 
.................... //// Derivative programs created using this software in object code    //// 
.................... //// form are not restricted in any way.                               //// 
.................... /////////////////////////////////////////////////////////////////////////// 
....................  
.................... #ifndef _STDINT 
....................  
.................... #define _STDINT 
....................  
.................... //////////// exact width 
....................  
.................... typedef signed int8 int8_t; 
.................... typedef unsigned int8 uint8_t; 
.................... typedef signed int16 int16_t; 
.................... typedef unsigned int16 uint16_t; 
.................... typedef signed int32 int32_t; 
.................... typedef unsigned int32 uint32_t; 
....................  
.................... #if defined(__PCD__) 
.................... //typedef signed int24 int24_t; 
.................... //typedef unsigned int24 uint24_t; 
.................... typedef signed int64 int64_t; 
.................... typedef unsigned int64 uint64_t; 
.................... #endif 
....................  
.................... #define INT8_MAX  (128) 
.................... #define INT8_MIN  (-127) 
.................... #define UINT8_MAX (255) 
....................  
.................... #define INT16_MAX  (32767) 
.................... #define INT16_MIN  (-32768) 
.................... #define UINT16_MAX (65535) 
....................  
.................... #define INT32_MAX  (2147483647) 
.................... #define INT32_MIN  (-2147483648) 
.................... #define UINT32_MAX (4294967295) 
....................  
.................... #if defined(__PCD__) 
.................... //#define INT24_MAX  (8388607) 
.................... //#define INT24_MIN  (-8388608) 
.................... //#define UINT24_MAX (16777215) 
....................  
.................... #define INT64_MAX  (9223372036854775807) 
.................... #define INT64_MIN  (-9223372036854775808) 
.................... #define UINT64_MAX (18446744073709551615) 
.................... #endif 
....................  
.................... ///////// minimum width 
....................  
.................... typedef signed int8 int_least8_t; 
.................... typedef unsigned int8 uint_least8_t; 
.................... typedef signed int16 int_least16_t; 
.................... typedef unsigned int16 uint_least16_t; 
.................... typedef signed int32 int_least32_t; 
.................... typedef unsigned int32 uint_least32_t; 
....................  
.................... #if defined(__PCD__) 
.................... //typedef signed int24 int_least24_t; 
.................... //typedef unsigned int24 uint_least24_t; 
.................... typedef signed int64 int_least64_t; 
.................... typedef unsigned int64 uint_least64_t; 
.................... #endif 
....................  
.................... #define INT_LEAST8_MAX  (128) 
.................... #define INT_LEAST8_MIN  (-127) 
.................... #define UINT_LEAST8_MAX (255) 
....................  
.................... #define INT_LEAST16_MAX  (32767) 
.................... #define INT_LEAST16_MIN  (-32768) 
.................... #define UINT_LEAST16_MAX (65535) 
....................  
.................... #define INT_LEAST32_MAX  (2147483647) 
.................... #define INT_LEAST32_MIN  (-2147483648) 
.................... #define UINT_LEAST32_MAX (4294967295) 
....................  
.................... #if defined(__PCD__) 
.................... //#define INT_LEAST24_MAX  (8388607) 
.................... //#define INT_LEAST24_MIN  (-8388608) 
.................... //#define UINT_LEAST24_MAX (16777215) 
....................  
.................... #define INT_LEAST64_MAX  (9223372036854775807) 
.................... #define INT_LEAST64_MIN  (-9223372036854775808) 
.................... #define UINT_LEAST64_MAX (18446744073709551615) 
.................... #endif 
....................  
.................... ///////// fastest width 
....................  
.................... #if defined(__PCD__) 
.................... typedef signed int16 int_fast8_t; 
.................... typedef unsigned int16 uint_fast8_t; 
.................... #define INT_FAST8_MAX  (32767) 
.................... #define INT_FAST8_MIN  (-32768) 
.................... #define UINT_FAST8_MAX (65535) 
.................... typedef signed int16 int_fast16_t; 
.................... typedef unsigned int16 uint_fast16_t; 
.................... //typedef signed int24 int_fast24_t; 
.................... //typedef unsigned int24 uint_fast24_t; 
.................... typedef signed int64 int_fast64_t; 
.................... typedef unsigned int64 uint_fast64_t; 
.................... #else 
.................... typedef signed int8 int_fast8_t; 
.................... typedef unsigned int8 uint_fast8_t; 
.................... #define INT_FAST8_MAX  (128) 
.................... #define INT_FAST8_MIN  (-127) 
.................... #define UINT_FAST8_MAX (255) 
.................... typedef signed int16 int_fast16_t; 
.................... typedef unsigned int16 uint_fast16_t; 
.................... #endif 
....................  
.................... typedef signed int32 int_fast32_t; 
.................... typedef unsigned int32 uint_fast32_t; 
....................  
.................... #define INT_FAST16_MAX  (32767) 
.................... #define INT_FAST16_MIN  (-32768) 
.................... #define UINT_FAST16_MAX (65535) 
....................  
.................... #define INT_FAST32_MAX  (2147483647) 
.................... #define INT_FAST32_MIN  (-2147483648) 
.................... #define UINT_FAST32_MAX (4294967295) 
....................  
.................... #if defined(__PCD__) 
.................... //#define INT_FAST24_MAX  (8388607) 
.................... //#define INT_FAST24_MIN  (-8388608) 
.................... //#define UINT_FAST24_MAX (16777215) 
....................  
.................... #define INT_FAST64_MAX  (9223372036854775807) 
.................... #define INT_FAST64_MIN  (-9223372036854775808) 
.................... #define UINT_FAST64_MAX (18446744073709551615) 
.................... #endif 
....................  
.................... //////////// big enough to hold pointers (OPTIONAL) 
....................  
.................... /// TODO 
....................  
.................... /// intptr_t uintptr_t 
....................  
.................... /// INTPTRN_MIN INTPTRN_MAX UINTPTRN_MAX 
....................  
....................  
.................... /////////// greatest width (OPTIONAL) 
....................  
.................... /// TODO 
....................  
.................... /// intmax_t uintmax_t 
....................  
.................... /// INTMAXN_MIN INTMAXN_MAX UINTMAXN_MAX 
....................  
.................... /// INTMAX_C(value) UINTMAX_C(value) 
....................  
....................  
.................... #endif 
....................  
....................  
.................... #FUSES NOWDT                    //No Watch Dog Timer 
.................... #FUSES NOLVP                    //No low voltage prgming, B3(PIC16) or B5(PIC18) used for I/O 
....................  
.................... #use delay(crystal=20000000) 
.................... #use rs232(baud=2400,parity=N,xmit=PIN_B2,rcv=PIN_B1,bits=8,stream=Wireless) 
....................  
.................... #INT_RDA 
.................... void  RDA_isr(void)  
.................... { 
....................    putc(getc());   
0031:  BTFSS  0C.5
0032:  GOTO   031
0033:  MOVF   1A,W
0034:  BTFSS  0C.4
0035:  GOTO   034
0036:  MOVWF  19
0037:  BCF    0C.5
0038:  BCF    0A.3
0039:  GOTO   020
.................... } 
....................  
.................... void main() 
003A:  MOVF   03,W
003B:  ANDLW  1F
003C:  MOVWF  03
003D:  MOVLW  81
003E:  BSF    03.5
003F:  MOVWF  19
0040:  MOVLW  A2
0041:  MOVWF  18
0042:  MOVLW  90
0043:  BCF    03.5
0044:  MOVWF  18
0045:  MOVLW  07
0046:  MOVWF  1F
0047:  BCF    03.7
.................... { 
....................    enable_interrupts(INT_RDA); 
0048:  BSF    03.5
0049:  BSF    0C.5
....................    enable_interrupts(GLOBAL); 
004A:  MOVLW  C0
004B:  BCF    03.5
004C:  IORWF  0B,F
.................... } 
004D:  SLEEP

Configuration Fuses:
   Word  1: 3F62   NOWDT PUT HS MCLR BROWNOUT NOLVP NOCPD NOPROTECT
