
ROM used:   188/2048 (9%)
            188/2048 (9%) including unused fragments

            0.3 Average locations per line
            47.0 Average locations per statement

RAM used:   26/224 (12%) at main() level
            33/224 (15%) worst case

Stack used: 2 worst case (2 in main + 0 for interrupts)
Stack size: 8

Lines Stmts  %   Files
----- ----- ---  -----
   22     4 100  main.c
  508     0   0  ..\..\..\..\..\..\..\..\Program Files (x86)\PICC\Devices\16F628A.h
  163     0   0  ..\..\..\..\..\..\..\..\Program Files (x86)\PICC\Drivers\stdint.h
----- -----
  693     4 Total

Page ROM  %  RAM   Vol Diff  Functions:
---- --- --- ---   --- ----  ----------
0     63  34   19   127  2.8  main
0     13   7    1             @SPRINTF
0     21  11    3             @DIV88
0     87  46    6             @PRINTF_D_574
 Inline         0             @cinit1

Program metrics:
    Functions               1
    Statements              4
    Comments                119
    Volume (V)              133
    Difficulty (D)          2.3
    Effort to implement (E) 303
    Time to implement (T)   0 minutes
    Est Delivered Bugs (B)  0
    Cyclomatic Complexity   1
    Maintainability (MI)    76

 Segment     Used  Free
-----------  ----  ----
00000-00003     4  0  
00004-007FF   184  1860  



