
ROM used:   76/8192 (1%)
            76/8192 (1%) including unused fragments

            0.1 Average locations per line
            12.7 Average locations per statement

RAM used:   12/368 (3%) at main() level
            12/368 (3%) worst case

Stack used: 1 worst case (0 in main + 1 for interrupts)
Stack size: 8

Lines Stmts  %   Files
----- ----- ---  -----
   27     6 100  main.c
  661     0   0  C:\Program Files (x86)\PICC\Devices\16F877A.h
----- -----
  688     6 Total

Page ROM  %  RAM   Vol Diff  Functions:
---- --- --- ---   --- ----  ----------
0     10  13    0    21  0.9  EXT_isr
0     19  25    0    67  1.6  MAIN
 Inline         0    86  1.6  @cinit1

Program metrics:
    Functions               3
    Statements              6
    Comments                110
    Volume (V)              243
    Difficulty (D)          4.2
    Effort to implement (E) 1016
    Time to implement (T)   1 minutes
    Est Delivered Bugs (B)  0
    Cyclomatic Complexity   1
    Maintainability (MI)    139

 Segment     Used  Free
-----------  ----  ----
00000-00003     4  0  
00004-0002E    43  0  
0002F-007FF    29  1972  
00800-00FFF     0  2048  
01000-017FF     0  2048  
01800-01FFF     0  2048  



