
ROM used:   239/8192 (3%)
            239/8192 (3%) including unused fragments

            0.3 Average locations per line
            7.5 Average locations per statement

RAM used:   31/368 (8%) at main() level
            39/368 (11%) worst case

Stack used: 3 worst case (3 in main + 0 for interrupts)
Stack size: 8

Lines Stmts  %   Files
----- ----- ---  -----
  115    32 100  main.c
  661     0   0  C:\Program Files (x86)\PICC\Devices\16F877A.h
----- -----
  776    32 Total

Page ROM  %  RAM   Vol Diff  Functions:
---- --- --- ---   --- ----  ----------
 Inline         1             @delay_ms1
0     36  15    0   149  1.3  clear
0     49  21    3   229  5.7  writeOnDisplay
0     32  13    6             @WRITEBITA
0     49  21    1   258  4.5  loop
0     69  29    0    55  1.4  MAIN
 Inline         0             @cinit1

Program metrics:
    Functions               4
    Statements              32
    Comments                136
    Volume (V)              977
    Difficulty (D)          12.5
    Effort to implement (E) 12167
    Time to implement (T)   11 minutes
    Est Delivered Bugs (B)  0
    Cyclomatic Complexity   7
    Maintainability (MI)    127

 Segment     Used  Free
-----------  ----  ----
00000-00003     4  0  
00004-007FF   235  1809  
00800-00FFF     0  2048  
01000-017FF     0  2048  
01800-01FFF     0  2048  



