
ROM used:   1127/8192 (14%)
            1127/8192 (14%) including unused fragments

            0.4 Average locations per line
            2.5 Average locations per statement

RAM used:   15/368 (4%) at main() level
            37/368 (10%) worst case

Stack used: 5 worst case (5 in main + 0 for interrupts)
Stack size: 8

Lines Stmts  %   Files
----- ----- ---  -----
   43    13   3  main.c
  639     0   0  C:\Program Files (x86)\PICC\Devices\16F877.h
  456    84  18  C:\Program Files (x86)\PICC\Drivers\LCD.C
 1351   359  79  C:\Program Files (x86)\PICC\Drivers\stdlib.h
   32     0   0  C:\Program Files (x86)\PICC\Drivers\stddef.h
  423     0   0  C:\Program Files (x86)\PICC\Drivers\string.h
   28     0   0  C:\Program Files (x86)\PICC\Drivers\ctype.h
   37     0   0  C:\Program Files (x86)\PICC\Drivers\stdio.h
  163     0   0  C:\Program Files (x86)\PICC\Drivers\stdint.h
----- -----
 3172   456 Total

Page ROM  %  RAM   Vol Diff  Functions:
---- --- --- ---   --- ----  ----------
0     20   2    1             @delay_ms1
 Inline         3   596  5.9  lcd_read_byte
0      6   1    0    59  4.2  lcd_read_nibble
0     23   2    1   181  3.9  lcd_send_nibble
0     93   8    3   415  3.7  lcd_send_byte
0     69   6    6   770  7.2  lcd_init
0     18   2    4   208  6.3  lcd_gotoxy
0     44   4    1   354  4.7  lcd_putc
0    119  11   13             @MULFF
0     31   3    2             @ITOF
0    204  18   14   322  3.6  @DIVFF
0    158  14    4   374  3.7  MAIN
0      9   1    0             @const952
0     88   8    4             @PSTRINGC7_646
0     11   1    0             @const956
0     33   3    4             @SFTOI
0     87   8    5             @PSTRINGCN7_646
0     21   2    3             @DIV88
0     89   8    6             @PRINTF_D_646
 Inline         0             @cinit1

Program metrics:
    Functions               9
    Statements              456
    Comments                791
    Volume (V)              5123
    Difficulty (D)          40.5
    Effort to implement (E) 207382
    Time to implement (T)   3 hours, 12 minutes
    Est Delivered Bugs (B)  1
    Cyclomatic Complexity   8
    Maintainability (MI)    121

 Segment     Used  Free
-----------  ----  ----
00000-00003     4  0  
00004-007FF  1123  921  
00800-00FFF     0  2048  
01000-017FF     0  2048  
01800-01FFF     0  2048  



