
ROM used:   155/2048 (8%)
            155/2048 (8%) including unused fragments

            0.2 Average locations per line
            3.6 Average locations per statement

RAM used:   22/224 (10%) at main() level
            26/224 (12%) worst case

Stack used: 2 worst case (2 in main + 0 for interrupts)
Stack size: 8

Lines Stmts  %   Files
----- ----- ---  -----
  121    43 100  main.c
  518     0   0  C:\Program Files (x86)\PICC\Devices\16F628A.h
  163     0   0  C:\Program Files (x86)\PICC\Drivers\stdint.h
----- -----
  802    43 Total

Page ROM  %  RAM   Vol Diff  Functions:
---- --- --- ---   --- ----  ----------
0      6   4    0    17  0.8  bitDelay
0      6   4    0    27  0.9  start
0     16  10    0    88  1.2  stop
0     69  45    2   652  6.2  writeByte
0     54  35    0   106  2.1  MAIN
 Inline         0             @cinit1

Program metrics:
    Functions               5
    Statements              43
    Comments                151
    Volume (V)              1173
    Difficulty (D)          11.7
    Effort to implement (E) 13739
    Time to implement (T)   13 minutes
    Est Delivered Bugs (B)  0
    Cyclomatic Complexity   3
    Maintainability (MI)    147

 Segment     Used  Free
-----------  ----  ----
00000-00003     4  0  
00004-007FF   151  1893  



