
ROM used:   186/8192 (2%)
            186/8192 (2%) including unused fragments

            0.2 Average locations per line
            5.0 Average locations per statement

RAM used:   8/368 (2%) at main() level
            10/368 (3%) worst case

Stack used: 2 worst case (2 in main + 0 for interrupts)
Stack size: 8

Lines Stmts  %   Files
----- ----- ---  -----
   96    37 100  main.c
   12     0   0  main.h
  661     0   0  ..\..\..\..\Program Files (x86)\PICC\Devices\16F877A.h
----- -----
  769    37 Total

Page ROM  %  RAM   Vol Diff  Functions:
---- --- --- ---   --- ----  ----------
0     20  11    1             @delay_ms1
0     37  20    0   121  1.7  main
0    125  67    1   675  4.3  loop
 Inline         1    48  2.1  checkPedestrianButton
 Inline         0    48  2.1  @cinit1

Program metrics:
    Functions               4
    Statements              37
    Comments                126
    Volume (V)              1135
    Difficulty (D)          11.1
    Effort to implement (E) 12647
    Time to implement (T)   12 minutes
    Est Delivered Bugs (B)  0
    Cyclomatic Complexity   4
    Maintainability (MI)    139

 Segment     Used  Free
-----------  ----  ----
00000-00003     4  0  
00004-007FF   182  1862  
00800-00FFF     0  2048  
01000-017FF     0  2048  
01800-01FFF     0  2048  



