
ROM used:   151/8192 (2%)
            151/8192 (2%) including unused fragments

            0.2 Average locations per line
            13.7 Average locations per statement

RAM used:   8/368 (2%) at main() level
            14/368 (4%) worst case

Stack used: 1 worst case (1 in main + 0 for interrupts)
Stack size: 8

Lines Stmts  %   Files
----- ----- ---  -----
   26    11 100  main.c
   10     0   0  main.h
  671     0   0  C:\Program Files (x86)\PICC\Devices\16F877A.h
  163     0   0  C:\Program Files (x86)\PICC\Drivers\stdint.h
----- -----
  870    11 Total

Page ROM  %  RAM   Vol Diff  Functions:
---- --- --- ---   --- ----  ----------
0     15  10    1             @delay_us1
0    111  74    3   359  5.1  main
0     21  14    5             @MUL1616
 Inline         0             @cinit1

Program metrics:
    Functions               1
    Statements              11
    Comments                152
    Volume (V)              366
    Difficulty (D)          4.7
    Effort to implement (E) 1707
    Time to implement (T)   2 minutes
    Est Delivered Bugs (B)  0
    Cyclomatic Complexity   2
    Maintainability (MI)    113

 Segment     Used  Free
-----------  ----  ----
00000-00003     4  0  
00004-007FF   147  1897  
00800-00FFF     0  2048  
01000-017FF     0  2048  
01800-01FFF     0  2048  



